*** Starting uWSGI 2.0.18 (64bit) on [Fri Apr  5 11:54:21 2019] ***
compiled with version: 7.3.0 on 27 March 2019 17:58:22
os: Linux-4.4.0-93-generic #116-Ubuntu SMP Fri Aug 11 21:17:51 UTC 2017
nodename: iZuf6dcdal1g70zg9uxf3bZ
machine: x86_64
clock source: unix
pcre jit disabled
detected number of CPU cores: 1
current working directory: /home/20190325景点微博
detected binary path: /usr/local/bin/uwsgi
uWSGI running as root, you can use --uid/--gid/--chroot options
*** WARNING: you are running uWSGI as root !!! (use the --uid flag) *** 
chdir() to /home/20190325景点微博/景点微博
your processes number limit is 7857
your memory page size is 4096 bytes
detected max file descriptor number: 65535
lock engine: pthread robust mutexes
thunder lock: disabled (you can enable it with --thunder-lock)
bind(): Cannot assign requested address [core/socket.c line 769]
*** Starting uWSGI 2.0.18 (64bit) on [Fri Apr  5 11:54:42 2019] ***
compiled with version: 7.3.0 on 27 March 2019 17:58:22
os: Linux-4.4.0-93-generic #116-Ubuntu SMP Fri Aug 11 21:17:51 UTC 2017
nodename: iZuf6dcdal1g70zg9uxf3bZ
machine: x86_64
clock source: unix
pcre jit disabled
detected number of CPU cores: 1
current working directory: /home/20190325景点微博
detected binary path: /usr/local/bin/uwsgi
uWSGI running as root, you can use --uid/--gid/--chroot options
*** WARNING: you are running uWSGI as root !!! (use the --uid flag) *** 
chdir() to /home/20190325景点微博/景点微博
your processes number limit is 7857
your memory page size is 4096 bytes
detected max file descriptor number: 65535
lock engine: pthread robust mutexes
thunder lock: disabled (you can enable it with --thunder-lock)
bind(): Cannot assign requested address [core/socket.c line 769]
*** Starting uWSGI 2.0.18 (64bit) on [Fri Apr  5 13:16:01 2019] ***
compiled with version: 7.3.0 on 27 March 2019 17:58:22
os: Linux-4.4.0-93-generic #116-Ubuntu SMP Fri Aug 11 21:17:51 UTC 2017
nodename: iZuf6dcdal1g70zg9uxf3bZ
machine: x86_64
clock source: unix
pcre jit disabled
detected number of CPU cores: 1
current working directory: /home/20190325景点微博
detected binary path: /usr/local/bin/uwsgi
uWSGI running as root, you can use --uid/--gid/--chroot options
*** WARNING: you are running uWSGI as root !!! (use the --uid flag) *** 
chdir() to /home/20190325景点微博/景点微博
your processes number limit is 7857
your memory page size is 4096 bytes
detected max file descriptor number: 65535
lock engine: pthread robust mutexes
thunder lock: disabled (you can enable it with --thunder-lock)
bind(): Cannot assign requested address [core/socket.c line 769]
*** Starting uWSGI 2.0.18 (64bit) on [Fri Apr  5 13:16:17 2019] ***
compiled with version: 7.3.0 on 27 March 2019 17:58:22
os: Linux-4.4.0-93-generic #116-Ubuntu SMP Fri Aug 11 21:17:51 UTC 2017
nodename: iZuf6dcdal1g70zg9uxf3bZ
machine: x86_64
clock source: unix
pcre jit disabled
detected number of CPU cores: 1
current working directory: /home/20190325景点微博
detected binary path: /usr/local/bin/uwsgi
uWSGI running as root, you can use --uid/--gid/--chroot options
*** WARNING: you are running uWSGI as root !!! (use the --uid flag) *** 
chdir() to /home/20190325景点微博/景点微博
your processes number limit is 7857
your memory page size is 4096 bytes
detected max file descriptor number: 65535
lock engine: pthread robust mutexes
thunder lock: disabled (you can enable it with --thunder-lock)
bind(): Cannot assign requested address [core/socket.c line 769]
*** Starting uWSGI 2.0.18 (64bit) on [Fri Apr  5 13:19:02 2019] ***
compiled with version: 7.3.0 on 27 March 2019 17:58:22
os: Linux-4.4.0-93-generic #116-Ubuntu SMP Fri Aug 11 21:17:51 UTC 2017
nodename: iZuf6dcdal1g70zg9uxf3bZ
machine: x86_64
clock source: unix
pcre jit disabled
detected number of CPU cores: 1
current working directory: /home/20190325景点微博
detected binary path: /usr/local/bin/uwsgi
uWSGI running as root, you can use --uid/--gid/--chroot options
*** WARNING: you are running uWSGI as root !!! (use the --uid flag) *** 
chdir() to /home/20190325景点微博/景点微博
your processes number limit is 7857
your memory page size is 4096 bytes
detected max file descriptor number: 65535
lock engine: pthread robust mutexes
thunder lock: disabled (you can enable it with --thunder-lock)
bind(): Cannot assign requested address [core/socket.c line 769]
*** Starting uWSGI 2.0.18 (64bit) on [Fri Apr  5 13:24:17 2019] ***
compiled with version: 7.3.0 on 27 March 2019 17:58:22
os: Linux-4.4.0-93-generic #116-Ubuntu SMP Fri Aug 11 21:17:51 UTC 2017
nodename: iZuf6dcdal1g70zg9uxf3bZ
machine: x86_64
clock source: unix
pcre jit disabled
detected number of CPU cores: 1
current working directory: /home/20190325景点微博
detected binary path: /usr/local/bin/uwsgi
uWSGI running as root, you can use --uid/--gid/--chroot options
*** WARNING: you are running uWSGI as root !!! (use the --uid flag) *** 
chdir() to /home/20190325景点微博/景点微博
your processes number limit is 7857
your memory page size is 4096 bytes
detected max file descriptor number: 65535
lock engine: pthread robust mutexes
thunder lock: disabled (you can enable it with --thunder-lock)
bind(): Cannot assign requested address [core/socket.c line 769]
*** Starting uWSGI 2.0.18 (64bit) on [Fri Apr  5 13:24:27 2019] ***
compiled with version: 7.3.0 on 27 March 2019 17:58:22
os: Linux-4.4.0-93-generic #116-Ubuntu SMP Fri Aug 11 21:17:51 UTC 2017
nodename: iZuf6dcdal1g70zg9uxf3bZ
machine: x86_64
clock source: unix
pcre jit disabled
detected number of CPU cores: 1
current working directory: /home/20190325景点微博
detected binary path: /usr/local/bin/uwsgi
uWSGI running as root, you can use --uid/--gid/--chroot options
*** WARNING: you are running uWSGI as root !!! (use the --uid flag) *** 
chdir() to /home/20190325景点微博/景点微博
your processes number limit is 7857
your memory page size is 4096 bytes
detected max file descriptor number: 65535
lock engine: pthread robust mutexes
thunder lock: disabled (you can enable it with --thunder-lock)
bind(): Cannot assign requested address [core/socket.c line 769]
*** Starting uWSGI 2.0.18 (64bit) on [Fri Apr  5 21:20:40 2019] ***
compiled with version: 7.3.0 on 27 March 2019 17:58:22
os: Linux-4.4.0-93-generic #116-Ubuntu SMP Fri Aug 11 21:17:51 UTC 2017
nodename: iZuf6dcdal1g70zg9uxf3bZ
machine: x86_64
clock source: unix
pcre jit disabled
detected number of CPU cores: 1
current working directory: /home/20190325景点微博
detected binary path: /usr/local/bin/uwsgi
uWSGI running as root, you can use --uid/--gid/--chroot options
*** WARNING: you are running uWSGI as root !!! (use the --uid flag) *** 
chdir() to /home/20190325景点微博/景点微博
your processes number limit is 7857
your memory page size is 4096 bytes
detected max file descriptor number: 65535
lock engine: pthread robust mutexes
thunder lock: disabled (you can enable it with --thunder-lock)
bind(): Cannot assign requested address [core/socket.c line 769]
*** Starting uWSGI 2.0.18 (64bit) on [Fri Apr  5 22:36:32 2019] ***
compiled with version: 7.3.0 on 27 March 2019 17:58:22
os: Linux-4.4.0-93-generic #116-Ubuntu SMP Fri Aug 11 21:17:51 UTC 2017
nodename: iZuf6dcdal1g70zg9uxf3bZ
machine: x86_64
clock source: unix
pcre jit disabled
detected number of CPU cores: 1
current working directory: /home/20190325景点微博
detected binary path: /usr/local/bin/uwsgi
uWSGI running as root, you can use --uid/--gid/--chroot options
*** WARNING: you are running uWSGI as root !!! (use the --uid flag) *** 
chdir() to /home/20190325景点微博/景点微博
your processes number limit is 7857
your memory page size is 4096 bytes
detected max file descriptor number: 65535
lock engine: pthread robust mutexes
thunder lock: disabled (you can enable it with --thunder-lock)
bind(): Cannot assign requested address [core/socket.c line 769]
